Starting Fedora 4.5.1 on port 8984 ... Loading configuration from /opt/scholarspace/scholarspace/.fcrepo_wrapper


fcrepo-webapp-4.5.1-jetty-console.jar: |=======================================|


fcrepo-webapp-4.5.1-jetty-console.jar.md5: |===================================|
[main] INFO org.eclipse.jetty.util.log - Logging initialized @2076ms
[main] INFO org.simplericity.jettyconsole.DefaultJettyManager - Added web application on path / from war /tmp/fcrepo-webapp-4.5.1-jetty-console/fcrepo-webapp-4.5.1-jetty-console.jar
[main] INFO org.simplericity.jettyconsole.DefaultJettyManager - Starting web application on port 8984
[main] INFO org.eclipse.jetty.server.Server - jetty-9.2.3.v20140905
[main] INFO org.eclipse.jetty.webapp.StandardDescriptorProcessor - NO JSP Support for /, did not find org.apache.jasper.servlet.JspServlet
[main] INFO / - Spring WebApplicationInitializers detected on classpath: [org.glassfish.jersey.server.spring.SpringWebApplicationInitializer@130f889]
SLF4J: Class path contains multiple SLF4J bindings.
SLF4J: Found binding in [jar:file:/tmp/fcrepo-webapp-4.5.1-jetty-console.jar_8984/webapp/WEB-INF/lib/logback-classic-1.1.2.jar!/org/slf4j/impl/StaticLoggerBinder.class]
SLF4J: Found binding in [jar:file:/tmp/fcrepo-webapp-4.5.1-jetty-console.jar_8984/condi/slf4j-simple-1.7.5.jar!/org/slf4j/impl/StaticLoggerBinder.class]
SLF4J: See http://www.slf4j.org/codes.html#multiple_bindings for an explanation.
SLF4J: Actual binding is of type [ch.qos.logback.classic.util.ContextSelectorStaticBinder]
[main] INFO / - Initializing Spring root WebApplicationContext
INFO 21:45:21.178 (SerializerUtil) Registering serializer org.fcrepo.serialization.JcrXmlSerializer@44dd0d38 for format jcr/xml
[main] INFO org.eclipse.jetty.server.handler.ContextHandler - Started o.s.j.JettyConsoleWebappContext@5594a1b5{/,file:/tmp/fcrepo-webapp-4.5.1-jetty-console.jar_8984/webapp/,AVAILABLE}{/tmp/fcrepo-webapp-4.5.1-jetty-console/fcrepo-webapp-4.5.1-jetty-console.jar}
[main] INFO org.eclipse.jetty.server.ServerConnector - Started ServerConnector@8943d{HTTP/1.1}{0.0.0.0:8984}
[main] INFO org.eclipse.jetty.server.Server - Started @43502ms
http://127.0.0.1:8984/
